<?xml version="1.0" encoding="UTF-8"?>
<!-- Generated by org.testng.reporters.JUnitXMLReporter -->
<testsuite hostname="DESKTOP-NO9I0HD" ignored="0" name="Regression1" tests="6" failures="0" timestamp="23 Mar 2021 21:36:53 GMT" time="66.541" errors="0">
  <testcase name="datatest" time="8.063" classname="TestngPractice.DataProvider"/>
  <testcase name="datatest" time="12.051" classname="TestngPractice.DataProvider"/>
  <testcase name="login" time="20.415" classname="TestngPractice.LoginTest"/>
  <testcase name="test1" time="0.001" classname="TestngPractice.practicegit"/>
  <testcase name="test1" time="0.001" classname="TestngPractice.practicegit2"/>
  <testcase name="test1" time="0.001" classname="TestngPractice.practicegit3"/>
</testsuite> <!-- Regression1 -->
