<?xml version="1.0" encoding="UTF-8"?>
<!-- Generated by org.testng.reporters.JUnitXMLReporter -->
<testsuite hostname="DESKTOP-NO9I0HD" ignored="0" name="Regression1" tests="3" failures="0" timestamp="20 Mar 2021 02:04:27 GMT" time="59.655" errors="0">
  <testcase name="datatest" time="11.79" classname="TestngPractice.DataProvider"/>
  <testcase name="datatest" time="11.751" classname="TestngPractice.DataProvider"/>
  <testcase name="login" time="18.377" classname="TestngPractice.LoginTest"/>
</testsuite> <!-- Regression1 -->
