<?xml version="1.0" encoding="UTF-8"?>
<testsuite xmlns:xsi="http://www.w3.org/2001/XMLSchema-instance" xsi:noNamespaceSchemaLocation="https://maven.apache.org/surefire/maven-surefire-plugin/xsd/surefire-test-report-3.0.xsd" version="3.0" name="TestSuite" time="70.166" tests="6" errors="0" skipped="0" failures="0">
  <properties>
[...]
</properties>
  <testcase name="datatest[tester1, tester1@gmail.com](1)" classname="TestngPractice.DataProvider" time="8.046">
    <system-err><![CDATA[log4j:WARN No appenders could be found for logger (io.netty.util.internal.logging.InternalLoggerFactory).
log4j:WARN Please initialize the log4j system properly.
log4j:WARN See http://logging.apache.org/log4j/1.2/faq.html#noconfig for more info.
Starting MSEdgeDriver 89.0.774.57 (4fe9232d42eb2003a57b1cd12661ea1b28a497ba) on port 33827
Only local connections are allowed.
Please see https://chromedriver.chromium.org/security-considerations for suggestions on keeping MSEdgeDriver safe.
MSEdgeDriver was started successfully.
Mar 23, 2021 4:36:03 PM org.openqa.selenium.remote.ProtocolHandshake createSession
INFO: Detected dialect: W3C
Mar 23, 2021 4:36:04 PM org.openqa.selenium.devtools.CdpVersionFinder findNearestMatch
INFO: Found exact CDP implementation for version 89
]]></system-err>
  </testcase>
  <testcase name="datatest[tester2, tester2@gmail.com](2)" classname="TestngPractice.DataProvider" time="12.032">
    <system-err><![CDATA[Starting MSEdgeDriver 89.0.774.57 (4fe9232d42eb2003a57b1cd12661ea1b28a497ba) on port 10830
Only local connections are allowed.
Please see https://chromedriver.chromium.org/security-considerations for suggestions on keeping MSEdgeDriver safe.
MSEdgeDriver was started successfully.
Mar 23, 2021 4:36:17 PM org.openqa.selenium.remote.ProtocolHandshake createSession
INFO: Detected dialect: W3C
Mar 23, 2021 4:36:17 PM org.openqa.selenium.devtools.CdpVersionFinder findNearestMatch
INFO: Found exact CDP implementation for version 89
]]></system-err>
  </testcase>
  <testcase name="login" classname="TestngPractice.LoginTest" time="20.389">
    <system-err><![CDATA[Starting MSEdgeDriver 89.0.774.57 (4fe9232d42eb2003a57b1cd12661ea1b28a497ba) on port 28962
Only local connections are allowed.
Please see https://chromedriver.chromium.org/security-considerations for suggestions on keeping MSEdgeDriver safe.
MSEdgeDriver was started successfully.
Mar 23, 2021 4:36:32 PM org.openqa.selenium.remote.ProtocolHandshake createSession
INFO: Detected dialect: W3C
Mar 23, 2021 4:36:32 PM org.openqa.selenium.devtools.CdpVersionFinder findNearestMatch
INFO: Found exact CDP implementation for version 89
]]></system-err>
  </testcase>
  <testcase name="test1" classname="TestngPractice.practicegit" time="0.001">
    <system-out><![CDATA[Test Passed
]]></system-out>
  </testcase>
  <testcase name="test1" classname="TestngPractice.practicegit2" time="0.001">
    <system-out><![CDATA[Test Passed 2nd
]]></system-out>
  </testcase>
  <testcase name="test1" classname="TestngPractice.practicegit3" time="0.001">
    <system-out><![CDATA[Test Passed 2nd
]]></system-out>
  </testcase>
</testsuite>