<?xml version="1.0" encoding="UTF-8"?>
<testng-results skipped="0" failed="1" ignored="0" total="3" passed="2">
  <reporter-output>
  </reporter-output>
  <suite name="Suite1" duration-ms="37451" started-at="2021-03-18T23:58:02Z" finished-at="2021-03-18T23:58:40Z">
    <groups>
    </groups>
    <test name="Regression1" duration-ms="37451" started-at="2021-03-18T23:58:02Z" finished-at="2021-03-18T23:58:40Z">
      <class name="TestngPractice.DataProvider">
        <test-method status="PASS" signature="LaunchDriver(java.lang.String)[pri:0, instance:TestngPractice.DataProvider@62bd765]" name="LaunchDriver" is-config="true" duration-ms="5752" started-at="2021-03-18T23:58:02Z" finished-at="2021-03-18T23:58:08Z">
          <params>
            <param index="0">
              <value>
                <![CDATA[Edge]]>
              </value>
            </param>
          </params>
          <reporter-output>
          </reporter-output>
        </test-method> <!-- LaunchDriver -->
        <test-method status="PASS" signature="datatest(java.lang.String, java.lang.String)[pri:0, instance:TestngPractice.DataProvider@62bd765]" name="datatest" duration-ms="6195" started-at="2021-03-18T23:58:08Z" data-provider="register" finished-at="2021-03-18T23:58:14Z">
          <params>
            <param index="0">
              <value>
                <![CDATA[tester1]]>
              </value>
            </param>
            <param index="1">
              <value>
                <![CDATA[tester1@gmail.com]]>
              </value>
            </param>
          </params>
          <reporter-output>
          </reporter-output>
        </test-method> <!-- datatest -->
        <test-method status="PASS" signature="teardown()[pri:0, instance:TestngPractice.DataProvider@62bd765]" name="teardown" is-config="true" duration-ms="154" started-at="2021-03-18T23:58:14Z" finished-at="2021-03-18T23:58:14Z">
          <reporter-output>
          </reporter-output>
        </test-method> <!-- teardown -->
        <test-method status="PASS" signature="LaunchDriver(java.lang.String)[pri:0, instance:TestngPractice.DataProvider@62bd765]" name="LaunchDriver" is-config="true" duration-ms="2579" started-at="2021-03-18T23:58:14Z" finished-at="2021-03-18T23:58:17Z">
          <params>
            <param index="0">
              <value>
                <![CDATA[Edge]]>
              </value>
            </param>
          </params>
          <reporter-output>
          </reporter-output>
        </test-method> <!-- LaunchDriver -->
        <test-method status="PASS" signature="datatest(java.lang.String, java.lang.String)[pri:0, instance:TestngPractice.DataProvider@62bd765]" name="datatest" duration-ms="6680" started-at="2021-03-18T23:58:17Z" data-provider="register" finished-at="2021-03-18T23:58:24Z">
          <params>
            <param index="0">
              <value>
                <![CDATA[tester2]]>
              </value>
            </param>
            <param index="1">
              <value>
                <![CDATA[tester2@gmail.com]]>
              </value>
            </param>
          </params>
          <reporter-output>
          </reporter-output>
        </test-method> <!-- datatest -->
        <test-method status="PASS" signature="teardown()[pri:0, instance:TestngPractice.DataProvider@62bd765]" name="teardown" is-config="true" duration-ms="209" started-at="2021-03-18T23:58:24Z" finished-at="2021-03-18T23:58:24Z">
          <reporter-output>
          </reporter-output>
        </test-method> <!-- teardown -->
      </class> <!-- TestngPractice.DataProvider -->
      <class name="TestngPractice.LoginTest">
        <test-method status="PASS" signature="LaunchDriver(java.lang.String)[pri:0, instance:TestngPractice.LoginTest@23a5fd2]" name="LaunchDriver" is-config="true" duration-ms="3434" started-at="2021-03-18T23:58:24Z" finished-at="2021-03-18T23:58:27Z">
          <params>
            <param index="0">
              <value>
                <![CDATA[Edge]]>
              </value>
            </param>
          </params>
          <reporter-output>
          </reporter-output>
        </test-method> <!-- LaunchDriver -->
        <test-method status="FAIL" signature="login()[pri:0, instance:TestngPractice.LoginTest@23a5fd2]" name="login" duration-ms="11189" started-at="2021-03-18T23:58:27Z" finished-at="2021-03-18T23:58:38Z">
          <exception class="org.openqa.selenium.NoSuchElementException">
            <message>
              <![CDATA[no such element: Unable to locate element: {"method":"xpath","selector":"//input[@name='email4']"}
  (Session info: MicrosoftEdge=89.0.774.54)
For documentation on this error, please visit: https://selenium.dev/exceptions/#no_such_element
Build info: version: '4.0.0-beta-1', revision: '9c03156c2b'
System info: host: 'DESKTOP-NO9I0HD', ip: '192.168.1.132', os.name: 'Windows 10', os.arch: 'amd64', os.version: '10.0', java.version: '1.8.0_261'
Driver info: org.openqa.selenium.edge.EdgeDriver
Command: [8609923ae909cd991560b649982ac32e, findElement {using=xpath, value=//input[@name='email4']}]
Capabilities {acceptInsecureCerts: false, browserName: msedge, browserVersion: 89.0.774.54, javascriptEnabled: true, ms:edgeOptions: {debuggerAddress: localhost:63044}, msedge: {msedgedriverVersion: 89.0.774.54 (1562ea8f7c949d..., userDataDir: C:\Users\anubalaji\AppData\...}, networkConnectionEnabled: false, pageLoadStrategy: normal, platform: WINDOWS, platformName: WINDOWS, proxy: Proxy(), setWindowRect: true, strictFileInteractability: false, timeouts: {implicit: 0, pageLoad: 300000, script: 30000}, unhandledPromptBehavior: dismiss and notify, webauthn:extension:largeBlob: true, webauthn:virtualAuthenticators: true}
Session ID: 8609923ae909cd991560b649982ac32e]]>
            </message>
            <full-stacktrace>
              <![CDATA[org.openqa.selenium.NoSuchElementException: no such element: Unable to locate element: {"method":"xpath","selector":"//input[@name='email4']"}
  (Session info: MicrosoftEdge=89.0.774.54)
For documentation on this error, please visit: https://selenium.dev/exceptions/#no_such_element
Build info: version: '4.0.0-beta-1', revision: '9c03156c2b'
System info: host: 'DESKTOP-NO9I0HD', ip: '192.168.1.132', os.name: 'Windows 10', os.arch: 'amd64', os.version: '10.0', java.version: '1.8.0_261'
Driver info: org.openqa.selenium.edge.EdgeDriver
Command: [8609923ae909cd991560b649982ac32e, findElement {using=xpath, value=//input[@name='email4']}]
Capabilities {acceptInsecureCerts: false, browserName: msedge, browserVersion: 89.0.774.54, javascriptEnabled: true, ms:edgeOptions: {debuggerAddress: localhost:63044}, msedge: {msedgedriverVersion: 89.0.774.54 (1562ea8f7c949d..., userDataDir: C:\Users\anubalaji\AppData\...}, networkConnectionEnabled: false, pageLoadStrategy: normal, platform: WINDOWS, platformName: WINDOWS, proxy: Proxy(), setWindowRect: true, strictFileInteractability: false, timeouts: {implicit: 0, pageLoad: 300000, script: 30000}, unhandledPromptBehavior: dismiss and notify, webauthn:extension:largeBlob: true, webauthn:virtualAuthenticators: true}
Session ID: 8609923ae909cd991560b649982ac32e
at sun.reflect.NativeConstructorAccessorImpl.newInstance0(Native Method)
at sun.reflect.NativeConstructorAccessorImpl.newInstance(Unknown Source)
at sun.reflect.DelegatingConstructorAccessorImpl.newInstance(Unknown Source)
at java.lang.reflect.Constructor.newInstance(Unknown Source)
at org.openqa.selenium.remote.codec.w3c.W3CHttpResponseCodec.createException(W3CHttpResponseCodec.java:195)
at org.openqa.selenium.remote.codec.w3c.W3CHttpResponseCodec.decode(W3CHttpResponseCodec.java:128)
at org.openqa.selenium.remote.codec.w3c.W3CHttpResponseCodec.decode(W3CHttpResponseCodec.java:52)
at org.openqa.selenium.remote.HttpCommandExecutor.execute(HttpCommandExecutor.java:181)
at org.openqa.selenium.remote.service.DriverCommandExecutor.invokeExecute(DriverCommandExecutor.java:153)
at org.openqa.selenium.remote.service.DriverCommandExecutor.execute(DriverCommandExecutor.java:128)
at org.openqa.selenium.remote.RemoteWebDriver.execute(RemoteWebDriver.java:620)
at org.openqa.selenium.remote.RemoteWebDriver$Mechanism$2.findElement(RemoteWebDriver.java:1255)
at org.openqa.selenium.remote.RemoteWebDriver.findElement(RemoteWebDriver.java:388)
at org.openqa.selenium.remote.RemoteWebDriver.findElement(RemoteWebDriver.java:382)
at TestngPractice.LoginTest.login(LoginTest.java:34)
at sun.reflect.NativeMethodAccessorImpl.invoke0(Native Method)
at sun.reflect.NativeMethodAccessorImpl.invoke(Unknown Source)
at sun.reflect.DelegatingMethodAccessorImpl.invoke(Unknown Source)
at java.lang.reflect.Method.invoke(Unknown Source)
at org.testng.internal.MethodInvocationHelper.invokeMethod(MethodInvocationHelper.java:124)
at org.testng.internal.Invoker.invokeMethod(Invoker.java:583)
at org.testng.internal.Invoker.invokeTestMethod(Invoker.java:719)
at org.testng.internal.Invoker.invokeTestMethods(Invoker.java:989)
at org.testng.internal.TestMethodWorker.invokeTestMethods(TestMethodWorker.java:125)
at org.testng.internal.TestMethodWorker.run(TestMethodWorker.java:109)
at org.testng.TestRunner.privateRun(TestRunner.java:648)
at org.testng.TestRunner.run(TestRunner.java:505)
at org.testng.SuiteRunner.runTest(SuiteRunner.java:455)
at org.testng.SuiteRunner.runSequentially(SuiteRunner.java:450)
at org.testng.SuiteRunner.privateRun(SuiteRunner.java:415)
at org.testng.SuiteRunner.run(SuiteRunner.java:364)
at org.testng.SuiteRunnerWorker.runSuite(SuiteRunnerWorker.java:52)
at org.testng.SuiteRunnerWorker.run(SuiteRunnerWorker.java:84)
at org.testng.TestNG.runSuitesSequentially(TestNG.java:1208)
at org.testng.TestNG.runSuitesLocally(TestNG.java:1137)
at org.testng.TestNG.runSuites(TestNG.java:1049)
at org.testng.TestNG.run(TestNG.java:1017)
at org.testng.remote.AbstractRemoteTestNG.run(AbstractRemoteTestNG.java:114)
at org.testng.remote.RemoteTestNG.initAndRun(RemoteTestNG.java:251)
at org.testng.remote.RemoteTestNG.main(RemoteTestNG.java:77)
]]>
            </full-stacktrace>
          </exception> <!-- org.openqa.selenium.NoSuchElementException -->
          <reporter-output>
          </reporter-output>
        </test-method> <!-- login -->
        <test-method status="PASS" signature="teardown()[pri:0, instance:TestngPractice.LoginTest@23a5fd2]" name="teardown" is-config="true" duration-ms="279" started-at="2021-03-18T23:58:39Z" finished-at="2021-03-18T23:58:40Z">
          <reporter-output>
          </reporter-output>
        </test-method> <!-- teardown -->
      </class> <!-- TestngPractice.LoginTest -->
    </test> <!-- Regression1 -->
  </suite> <!-- Suite1 -->
</testng-results>
